0545
02b0
0002
0153
0130
0131
0140
0350
02c0
0370
043f
0440
04f0
0316
018f
0260
02a0
0329
0545
02b0
0430
04b1
01f1
0153
0002
00a0
00a1
0350
02c0
0130
0131
0140
0370
043f
0440
0690
0316
018f
0260
02a0
0329
0545
02b0
0002
0153
0130
0131
0140
0350
02c0
0370
043f
0440
04f0
0316
018f
0260
02a0
0329
0545
02b0
0430
04b1
01f1
0153
0002
0350
0370
043f
02c0
0130
0131
0140
0440
0316
018f
0260
02a0
0329
0545
05f0
02b0
0002
0153
0130
0131
0140
0350
02c0
0370
043f
0440
04f0
0316
018f
0260
02a0
0329
0545
02b0
0430
04b1
01f1
0153
0002
0350
0370
043f
0130
0131
0140
02c0
0440
0316
018f
0260
02a0
0329
0545
02b0
0002
0153
0130
0131
0140
0350
02c0
0370
043f
0440
04f0
0316
018f
0260
02a0
0329
0545
02b0
0430
04b1
01f1
0153
0002
0350
0370
043f
02c0
0130
0131
0140
0440
0316
018f
0260
02a0
0329
0545
02b0
0002
0153
0130
0131
0140
0350
02c0
0370
043f
0440
04f0
0316
018f
0260
02a0
0329
0545
05f0
02b0
0430
04b1
01f1
0153
0002
0350
0370
043f
02c0
0130
0131
0140
0440
0316
018f
0260
02a0
0329
0545
02b0
0002
0153
0130
0131
0140
0350
02c0
0370
043f
0440
04f0
0316
018f
0260
02a0
0329
0545
02b0
0430
04b1
01f1
0153
0002
00a0
00a1
0350
02c0
0130
0131
0140
0370
043f
0440
0690
0316
018f
0260
02a0
0329
0545
02b0
0002
0153
0130
0131
0140
0350
02c0
0370
043f
0440
04f0
0316
018f
0260
02a0
0329
0545
02b0
0430
04b1
01f1
0153
0002
0350
0370
043f
02c0
0130
0131
0140
0440
0316
018f
0260
02a0
0329
0545
05f0
02b0
0002
0153
0130
0131
0140
02c0
0350
0370
043f
0440
04f0
0316
018f
0260
02a0
0329
0545
02b0
0430
04b1
01f1
0153
0002
0350
0370
043f
02c0
0130
0131
0140
0440
0316
018f
0260
02a0
0329
0545
02b0
0002
0153
0130
0131
0140
02c0
0350
0370
043f
0440
04f0
0316
018f
0260
02a0
0329
0545
02b0
0430
04b1
01f1
0153
0002
0350
0370
043f
02c0
0130
0131
0140
0440
0316
018f
0260
02a0
0329
0545
02b0
0002
0153
0130
0131
0140
02c0
0350
0370
043f
0440
04f0
0316
018f
0260
02a0
0329
0545
05f0
02b0
0430
04b1
01f1
0153
0002
0350
0370
02c0
043f
0130
0131
0140
0440
0316
018f
0260
02a0
0329
0545
02b0
0002
0153
0130
0131
0140
02c0
0350
0370
043f
0440
04f0
0316
018f
0260
02a0
0329
0545
02b0
0430
04b1
01f1
0153
0002
00a0
00a1
02c0
0350
0130
0131
0140
0370
043f
0440
0690
0316
018f
0260
02a0
0329
0545
02b0
0002
0153
0130
0131
0140
02c0
0350
0370
043f
0440
04f0
0316
018f
0260
02a0
0329
0545
02b0
0430
04b1
01f1
0153
0002
0350
0370
02c0
043f
0130
0131
0140
0440
0316
018f
0260
02a0
0329
0545
05f0
02b0
0002
0153
0130
0131
0140
02c0
0350
0370
043f
0440
04f0
0316
018f
0260
02a0
0329
0545
02b0
0430
04b1
01f1
0153
0002
0350
0370
02c0
0130
0131
0140
043f
0440
0316
018f
0260
02a0
0329
0545
02b0
0002
0153
0130
0131
0140
02c0
0350
0370
043f
0440
04f0
0316
018f
0260
02a0
0329
0545
02b0
0430
04b1
01f1
0153
0002
0350
0370
02c0
043f
0130
0131
0140
0440
0316
018f
0260
02a0
0329
0545
02b0
0002
0153
0130
0131
0140
02c0
0350
0370
043f
0440
04f0
0316
018f
0260
02a0
0329
0545
05f0
02b0
0430
04b1
01f1
0153
0002
0350
0370
02c0
043f
0130
0131
0140
0440
0316
018f
0260
02a0
0329
0545
02b0
0002
0153
0130
0131
0140
02c0
0350
0370
043f
0440
04f0
0316
018f
0260
02a0
0329
0545
02b0
0430
04b1
01f1
0153
0002
00a0
00a1
02c0
0350
0130
0131
0140
0370
043f
0440
0690
0316
018f
0260
02a0
0329
0545
02b0
0002
0153
0130
0131
0140
0350
02c0
0370
043f
0440
04f0
0316
018f
0260
02a0
0329
0545
02b0
0430
04b1
01f1
0153
0002
0350
0370
02c0
043f
0130
0131
0140
0440
0316
018f
0260
02a0
0329
0545
05f0
02b0
0002
0153
0130
0131
0140
02c0
0350
0370
043f
0440
04f0
0316
018f
0260
02a0
0329
0545
02b0
0430
04b1
01f1
0153
0002
0350
0370
02c0
043f
0130
0131
0140
0440
0316
018f
0260
02a0
0329
0545
02b0
0002
0153
0130
0131
0140
02c0
0350
0370
043f
0440
04f0
0316
018f
0260
02a0
0329
0545
02b0
0430
04b1
01f1
0153
0002
0350
0370
02c0
043f
0130
0131
0140
0440
0316
018f
0260
02a0
0329
0545
02b0
0002
0153
0130
0131
0140
02c0
0350
0370
043f
0440
04f0
0316
018f
0260
02a0
0329
0545
05f0
02b0
0430
04b1
01f1
0153
0002
0350
0370
02c0
043f
0130
0131
0140
0440
0316
018f
0260
02a0
0329
0545
02b0
0002
0153
0130
0131
0140
02c0
0350
0370
043f
0440
04f0
0316
018f
0260
02a0
0329
0545
02b0
0430
04b1
01f1
0153
0002
00a0
00a1
02c0
0350
0130
0131
0140
0370
043f
0440
0690
0316
018f
0260
02a0
0329
0545
02b0
0002
0153
0130
0131
0140
02c0
0350
0370
043f
0440
05a0
05a2
04f0
0316
018f
0260
02a0
0329
0545
02b0
0430
04b1
01f1
0153
0002
0350
02c0
0370
043f
0130
0131
0140
0440
0316
018f
0260
02a0
0329
0545
05f0
02b0
0002
0153
0130
0131
0140
02c0
0350
0370
043f
0440
04f0
0316
018f
0260
02a0
0329
0545
02b0
0430
04b1
01f1
0153
0002
0350
02c0
0370
043f
0130
0131
0140
0440
0316
018f
0260
02a0
0329
0545
02b0
0002
0153
0130
0131
0140
02c0
0350
0370
043f
0440
04f0
0316
018f
0260
02a0
0329
0545
02b0
0430
04b1
01f1
0153
0002
0350
02c0
0370
043f
0130
0131
0140
0440
0316
018f
0260
02a0
0329
0545
02b0
0002
0153
0350
0130
0131
0140
02c0
0370
043f
0440
04f0
018f
0260
02a0
0316
0329
0545
05f0
02b0
0430
04b1
01f1
0153
0002
0350
02c0
0370
043f
0130
0131
0140
0440
0316
018f
0260
02a0
0329
0545
02b0
0002
0153
0130
0131
0140
02c0
0350
0370
043f
0440
04f0
0316
018f
0260
02a0
0329
0545
02b0
0430
04b1
01f1
0153
0002
00a0
00a1
02c0
0350
0130
0131
0140
0370
043f
0440
0690
0316
018f
0260
02a0
0329
0545
02b0
0002
0153
0350
0130
0131
0140
02c0
0370
043f
0440
04f0
0316
018f
0260
02a0
0329
0545
02b0
0430
04b1
01f1
0153
0002
0350
0370
02c0
043f
0130
0131
0140
0440
0316
018f
0260
02a0
0329
0545
05f0
02b0
0002
0153
0130
0131
0140
02c0
0350
0370
043f
0440
04f0
0316
018f
0260
02a0
0329
0545
02b0
0430
04b1
01f1
0153
0002
0350
0370
02c0
043f
0130
0131
0140
0440
0316
018f
0260
02a0
0329
0545
02b0
0002
0153
0130
0131
0140
02c0
0350
0370
043f
0440
04f0
018f
0260
02a0
0316
0329
0545
02b0
0430
04b1
01f1
0153
0002
0350
0370
02c0
043f
0130
0131
0140
0440
0316
018f
0260
02a0
0329
0545
02b0
0002
0153
0130
0131
0140
02c0
0350
0370
043f
0440
04f0
0316
018f
0260
02a0
0329
0545
05f0
02b0
0430
04b1
01f1
0153
0002
0350
0370
02c0
043f
0130
0131
0140
0440
0316
018f
0260
02a0
0329
0545
02b0
0002
0153
0350
0130
0131
0140
02c0
0370
043f
0440
04f0
018f
0260
02a0
0316
0329
0545
02b0
0430
04b1
01f1
00a0
00a1
0153
0002
02c0
0350
0130
0131
0140
0370
043f
0440
0690
0316
018f
0260
02a0
0329
0545
02b0
0002
0153
0350
0130
0131
0140
02c0
0370
043f
0440
04f0
0316
018f
0260
02a0
0329
0545
02b0
0430
04b1
01f1
0153
0002
0350
02c0
0370
043f
0130
0131
0140
0440
0316
018f
0260
02a0
0329
0545
05f0
02b0
0002
0153
0350
0130
0131
0140
02c0
0370
043f
0440
04f0
0316
018f
0260
02a0
0329
0545
02b0
0430
04b1
01f1
0153
0002
0350
02c0
0370
043f
0130
0131
0140
0440
0316
018f
0260
02a0
0329
0545
02b0
0002
0153
0350
0130
0131
0140
02c0
0370
043f
0440
04f0
0316
018f
0260
02a0
0329
0545
02b0
0430
04b1
01f1
0153
0002
0350
02c0
0370
043f
0130
0131
0140
0440
0316
018f
0260
02a0
0329
0545
02b0
0002
0153
0350
0130
0131
0140
02c0
0370
043f
0440
0316
018f
0260
02a0
0329
04f0
0545
05f0
02b0
0430
04b1
01f1
0153
0002
0350
02c0
0370
043f
0130
0131
0140
0440
0316
018f
0260
02a0
0329
0545
02b0
0002
0153
0350
0130
0131
0140
02c0
0370
043f
0440
04f0
0316
018f
0260
02a0
0329
0545
02b0
0430
04b1
01f1
0153
0002
00a0
00a1
02c0
0350
0130
0131
0140
0370
043f
0440
0690
0316
018f
0260
02a0
0329
0545
02b0
0002
0153
0350
0130
0131
0140
02c0
0370
043f
0440
04f0
018f
0260
02a0
0316
0329
0545
02b0
0430
04b1
01f1
0153
0002
0350
02c0
0370
043f
0130
0131
0140
0440
0316
018f
0260
02a0
0329
0545
05f0
02b0
0002
0153
0350
0130
0131
0140
02c0
0370
043f
0440
04f0
0316
018f
0260
02a0
0329
0545
02b0
0430
04b1
01f1
0153
0002
0350
02c0
0370
043f
0130
0131
0140
0440
0316
018f
0260
02a0
0329
0545
02b0
0002
0153
0350
0130
0131
0140
02c0
0370
043f
0440
0316
018f
0260
02a0
0329
04f0
0545
02b0
0430
04b1
01f1
0153
0002
0350
02c0
0370
043f
0130
0131
0140
0440
0316
018f
0260
02a0
0329
0545
02b0
0002
0153
0350
0130
0131
0140
02c0
0370
043f
0440
04f0
018f
0260
02a0
0316
0329
0545
05f0
02b0
0430
04b1
01f1
0153
0002
0350
02c0
0370
043f
0130
0131
0140
0440
02b0
0130
02b0
0130
0440
0002
02a0
0430
02b0
0350
00df
06ea
02fd
02b0
0370
02b0
0430
04b1
01f1
012d
0153
0002
02c0
033a
0350
0130
0131
039f
0131
07e3
0130
0491
0522
02fd
078d
0260
0330
0329
0494
04f0
0545
02b0
0430
04b1
01f1
0153
0002
0350
02c0
0370
043f
0130
0131
0140
0440
07b3
0316
018f
0260
02a0
02dc
0329
0545
0548
06de
0384
0424
0600
028f
02c0
074d
043f
0473
0316
0473
0316
0002
0545
024c
02c0
055b
0267
0256
05e4
0202
03a8
02b0
07b9
05f5
0002
0153
0597
0350
0260
0259
0545
0153
07fc
0002
062c
02c0
001a
0131
02b0
0316
0367
0329
0440
0545
055b
03ac
065a
0342
0396
0347
0164
02b0
0648
000a
0002
0153
0350
0130
0131
0140
02c0
0370
0316
018f
0260
02a0
043f
00e5
0430
0391
0130
05dd
0370
05e6
0569
02b0
0458
042e
0002
0153
0350
0095
0130
0131
0140
02c0
00f4
0370
043f
0440
05cd
0316
0260
018f
02a0
0329
04f0
0545
072d
044b
055c
0752
0260
00dc
04da
04f0
0430
04b1
01f1
0153
0002
02c0
0350
0370
0130
0131
0140
043f
0440
062c
0316
018f
0260
02a0
0329
0545
06c2
0272
06ca
0127
04bb
075b
076c
02b0
0133
001c
0002
0153
0350
043f
02b0
0316
019d
0329
0430
0316
056d
0429
02c0
02b1
0440
02b0
0440
02b0
0260
0430
0440
0002
02f4
0153
02b8
036f
03c6
043f
0740
0153
064a
0260
07a9
0430
04b1
01f1
0153
0260
01aa
00f1
0370
002c
0644
07dd
032f
0316
018f
0260
02a0
0329
03f8
04f0
0545
07b4
06c2
0283
06a5
0467
02b0
04bd
01d4
0430
04b1
0130
00eb
0316
02b0
02a0
05a0
0726
00a0
0690
0130
0042
043f
0130
0131
0140
0440
0316
018f
0260
02a0
0329
050b
0545
02da
0105
0274
0432
05e2
05f0
038a
017d
0427
02b0
04ed
03dd
0002
0153
056c
0350
02c0
0130
0131
0140
0370
043f
0440
0575
067d
0316
018f
0260
02a0
0329
0376
04f0
02a2
0545
011b
0489
015b
07c2
02b0
0015
07d3
0430
04b1
01f1
0153
0002
02c0
0350
0370
043f
0130
0284
0370
0240
0140
0722
02b0
0260
0347
04f1
0002
05f2
02ae
067e
0140
05ee
0140
02b0
018f
01fd
0545
003f
0545
0153
008d
0384
018f
02b0
0329
0430
04df
0545
01a9
0350
0712
0002
02b2
0316
02b0
02a0
0284
04f0
0545
02b0
03b8
070d
0430
04b1
01f1
0153
0002
02c0
0319
0350
0370
0130
0131
0140
0316
018f
0260
02a0
0329
043f
0440
0545
06d0
00c8
07c7
0420
00e4
06a5
02d8
0472
02b0
026d
02ea
0002
0153
02c0
0350
0130
0131
0140
0370
043f
0440
073b
028d
018f
0260
02a0
0316
0329
037e
04f0
0446
0545
0731
051d
05f0
02e1
043e
0615
02b0
03bd
0430
04b1
01f1
0153
0002
02c0
0350
0370
043f
0130
0131
0140
0442
026f
0316
0085
018f
0260
02a0
0329
047a
04f0
0168
0545
0353
0274
07de
0430
05dc
0655
0527
03fc
00b4
02b0
060c
0002
0153
0332
02c0
0350
04f0
0430
024a
0153
03a3
0002
0554
043f
042c
043f
03f2
02a0
0329
0545
04f0
05fa
0280
0288
053b
05f0
0745
078e
02c0
0370
0579
02bf
0440
0721
02a0
04f6
0545
0002
034a
0350
068e
0140
058e
0131
0723
0090
02b0
043f
0444
0002
01d5
0177
0329
0368
02a4
0002
0499
03da
0316
00d2
04f0
0430
05a8
023e
0350
02eb
0002
0758
043f
00b5
0260
02b0
021d
06b0
0153
06a6
01f1
0225
01f9
01a1
0140
018f
02b0
04f0
0777
06d4
0153
036a
0690
0140
020b
0140
03e5
0316
03ec
0329
0002
0153
02c0
0350
03c2
0130
0620
0370
027e
000e
02b0
02a0
0279
038b
0350
0704
0131
0203
0130
04d5
0079
02b0
02fb
02c0
0002
0153
030c
0350
0130
0131
0757
013f
0140
013f
0140
0577
0329
02b0
0272
0154
0350
0430
017c
04b1
01f1
0002
0489
018f
0031
02b0
0316
018f
0430
0331
0350
01db
0645
0440
0316
018f
0260
0293
0440
02c0
009c
05db
06b7
0489
02b2
0002
0533
0440
018f
0260
02a0
0329
04f0
0545
05a2
0601
017a
0438
03b1
01c1
07ec
029c
062c
02b0
00dd
02c0
0430
0350
04b1
01f1
0153
0002
05e8
0370
043f
0130
0131
0140
018f
0260
02a0
0316
0329
0507
0192
0633
0316
02b0
0545
0430
0779
0130
0160
0240
0304
0488
02b0
02c0
0002
0153
0350
074b
0545
02c0
01d5
0632
0131
0140
0370
043f
0316
018f
0260
01de
0316
02b0
04f0
0545
031a
0274
074e
010d
01f1
07ad
0316
07bf
0316
0210
04f0
02c0
0527
0350
0058
0334
0576
062c
0002
00bc
0192
02a0
06b0
043f
0002
0501
04b1
0460
0140
0370
0203
0260
07ed
0440
02b0
0089
0153
0619
0035
0286
02ed
02b0
02c0
06a5
0350
0430
00a0
00a1
04b1
01f1
0153
0002
0370
018f
0690
0674
0370
010d
018f
0476
0316
00ea
0545
040f
012e
0350
01ca
0370
03d2
0131
0140
018f
0260
0265
02a0
02c0
015f
02b0
0002
0153
0350
044b
0106
0616
0683
00a0
00a1
02c0
003b
02b0
0350
0430
04b1
01f1
0153
0002
04cf
0370
027a
0130
0140
0370
043f
0316
018f
0260
02a0
0329
058f
043f
02b0
0617
04b1
0131
075b
0131
0637
0329
0175
0370
02c0
0256
0160
07cc
0131
053d
0130
01bc
0329
03ae
0440
02c0
0674
0430
04d3
0496
0176
014d
018f
0099
0260
0146
04f0
02c0
0690
0002
051d
0281
0140
01d0
04a6
0336
02c0
0428
02b0
0350
0545
02b0
0007
0430
052d
06e8
06f8
0634
0260
02a0
0316
04b6
038e
02c0
01cf
0650
077e
0130
0591
0316
0354
0329
03bf
0329
010e
0156
0430
05db
0131
0234
018f
0143
0370
0234
00a0
00a1
02c0
06d1
0184
02a5
0037
0370
02ee
0130
0131
06f6
03b9
02c0
043f
0417
0177
0130
0740
0113
042d
0316
043f
0440
050b
04f0
0050
043f
028e
044d
0153
0383
01cf
0629
02c0
0329
07ca
0370
070d
0084
02b0
0117
050f
06ee
0002
0476
0260
00a0
0370
043f
0440
05a2
045b
04b1
00de
0130
0549
0130
000f
00a0
043f
07bc
043f
0002
021b
05f0
0773
07ec
05b0
02c0
055a
0131
0284
0440
02c0
01e5
0350
05cf
04b1
05da
017b
0582
0140
0322
043f
02c0
02cb
0350
0210
02b0
0430
06c7
0131
00d9
0130
024a
0329
00a1
043f
0350
0545
04b1
0604
0058
06ec
07cb
02c0
0402
0356
0350
0440
021c
0350
0041
05d1
0713
04b1
0220
018f
067a
0140
0710
0440
04f0
0545
07f7
04cd
03f3
004b
059e
0556
0099
032a
00a0
00a1
02c0
0131
0199
0370
02c0
043f
0440
0545
067f
028d
0051
02ce
07f4
05f0
03cd
064d
034a
02c0
0316
0316
02c0
0773
0440
0153
05f0
0002
07c9
02a0
063e
00a0
00a1
02c0
073a
0350
026f
05a2
03d8
0002
01fa
018f
053c
0140
02b1
02c0
0209
04f0
0350
0778
02b0
05f0
018f
007a
02a0
0558
0720
0545
0329
03df
0153
006c
0621
0140
059b
07e7
02c0
0136
0350
02cf
0430
04b1
04ec
06cb
04b1
040c
0131
0463
0130
05b7
0370
02c0
0440
07e4
01ee
04b1
07ab
0130
0460
0130
020f
0329
02c0
0440
0350
06eb
0430
002b
0316
0140
018f
052a
0370
02c0
043f
04fe
044c
0430
0361
00fd
031d
030d
0080
02c0
00a5
0350
009f
0002
0153
07e7
02b0
0316
0130
0131
0140
018f
002f
01f1
0002
018f
0663
0260
00a0
0316
0350
0545
0314
01d8
02b0
0502
0260
0726
0260
02c0
0370
0350
07d2
0545
0518
055f
03ed
05f0
05a4
018f
0649
0766
02c0
02a0
0603
0440
0350
079c
0430
0690
0316
0260
079d
0329
02c0
0350
060e
042e
0553
0130
0286
060d
01a6
0405
02c0
072d
0350
0014
0002
0153
0489
043f
0423
0545
0002
071d
0002
048b
02a0
0378
0329
07fb
01b0
01e0
01ce
0153
0063
018f
06fb
0260
00a0
0316
0350
04f0
0350
010c
0153
04d3
018f
02b0
05d1
00b5
02c0
060a
0350
0545
0002
06cf
04b1
05b2
0140
00a0
0145
0269
0440
0350
022a
0430
0503
018f
0614
023b
02c0
043f
0027
0440
021a
0430
016d
0478
0260
02e4
02b0
0370
0633
043f
0440
0545
0002
067d
0728
0323
052c
02c0
0260
02c0
0343
0164
0329
0350
0430
0341
018f
0219
0529
0316
02c0
0153
0127
0196
0430
0623
013b
05f0
02b0
068e
0329
03e0
0370
0455
0797
0430
07f0
018f
0350
0260
03fc
02b0
02c0
0370
021e
06ab
0400
0130
0131
02a0
0515
02b0
015e
0370
0791
0545
0350
0228
05e1
0430
008c
0260
01ef
02c0
0136
00ba
0350
0329
0508
0440
064d
0140
0153
067a
0316
0246
0329
07df
04b1
0412
04f0
0673
0702
018f
0260
025f
0329
0062
02c0
0370
037e
06ee
0350
071b
0430
0779
02a0
01ba
0153
02c0
0340
0131
0350
06dc
05e9
04b6
02de
02c8
00fd
02c0
00c9
0221
0350
0061
018c
02c0
0440
0350
0002
0287
0737
01ec
00a8
0130
06e1
0440
06a3
0545
054f
0545
02b3
0428
018f
053e
007d
02c0
05fe
06a6
0350
0116
043f
0440
0545
07e3
0583
0745
0233
04f3
018f
02bd
04b1
06ef
0370
0341
0350
0440
069c
0283
018f
0315
0430
02dd
0329
0604
043f
0698
07f6
0316
049b
0153
018f
0260
035c
0272
02c0
03b3
013a
0153
0350
032d
018f
022c
0130
0767
0002
02b0
0370
043f
0130
0350
05ef
0391
0316
018f
02a0
078c
0153
0132
043f
003b
0029
0350
0498
018f
037c
0260
06cd
0098
0773
0583
043f
0376
0140
00ee
03e2
02a0
05f0
0131
02c0
02b0
0722
043f
0314
07ff
0576
0316
0002
035f
0329
000d
0131
06bf
043f
0440
0538
0131
0140
04be
0316
0076
0260
0130
02c0
0153
07fc
0447
0350
0106
049b
0570
029d
02a0
0653
0131
0140
0370
0545
0350
0250
04f0
06d0
0354
0316
018f
0047
0130
02c0
0153
0209
00a3
0350
05dd
018f
0260
0002
0153
02a0
0316
0329
0130
0131
05b0
04b1
02c0
02b0
0687
043f
0316
0573
0153
0113
04b1
02c0
02b0
050f
0440
0350
020d
0316
06cb
0153
05f0
07c9
02c0
0621
073e
0350
0506
0316
018f
0260
02a0
0329
0591
021e
03c7
06a7
00a0
00a1
02c0
0077
0646
0350
044f
0350
023f
0691
070f
0731
05c6
02a0
0075
02a0
02c0
0002
0043
0370
0350
02c0
00a0
00a1
02c0
0350
0430
04b1
018f
01f1
0153
0002
0260
02a0
0130
0131
0140
0350
0316
018f
0260
0002
0153
02a0
0329
0130
0131
0140
0370
043f
02b0
0440
0545
02c0
0350
0316
018f
0260
02a0
0329
0440
0545
05f0
02c0
0350
0316
018f
0260
02a0
0002
0153
0329
0545
0130
0131
0140
0370
043f
02b0
0440
04f0
02c0
0350
0316
018f
0260
02a0
0329
0430
04b1
01f1
0153
0002
0545
0370
0130
0131
0140
02b0
043f
0440
02c0
0350
0316
018f
0260
0002
0153
02a0
0329
0545
0130
0131
0140
0370
02b0
043f
0440
04f0
02c0
0350
0316
018f
0260
02a0
0329
0430
04b1
01f1
0153
0002
0545
0370
0130
0131
0140
02b0
043f
0440
02c0
0350
0316
018f
0260
02a0
0002
0153
0329
0545
0130
0131
0140
043f
0370
05f0
02c0
0350
0316
018f
0260
02a0
0329
0430
04b1
01f1
0153
0002
02c0
0350
0002
0153
0316
018f
0130
00a0
00a1
02c0
0350
0316
018f
0260
02a0
0329
0430
0440
0690
02c0
0350
0316
018f
0260
0002
0153
02a0
0329
0130
0131
0140
0370
043f
02b0
0440
0545
04f0
02c0
0350
0316
018f
0260
02a0
0329
0430
04b1
01f1
0153
0002
0545
0370
043f
0130
0131
0140
02b0
0440
05f0
02c0
0350
0316
018f
0260
0002
0153
02a0
0329
0545
0130
0131
0140
0370
043f
02b0
0440
04f0
02c0
0350
0316
018f
0260
02a0
0329
0430
04b1
01f1
0153
0002
0545
043f
0370
0130
0131
0140
02b0
0440
02c0
0350
0316
018f
0260
02a0
0002
0153
0329
0545
0130
02c0
0350
0316
018f
0260
02a0
0329
0430
04b1
01f1
0153
0002
0545
043f
0370
0130
0131
0140
02b0
0440
02c0
0350
0316
018f
0260
0002
0153
02a0
0329
0545
0130
0131
0140
0370
043f
02b0
0440
04f0
05f0
02c0
0350
0316
018f
0260
02a0
0329
0430
04b1
01f1
0153
0002
0545
043f
0370
0130
0131
0140
02b0
0440
02c0
0350
0316
018f
0260
02a0
0002
0153
0329
0545
0130
0131
0140
0370
043f
0440
02b0
04f0
00a0
00a1
02c0
0350
0316
018f
0260
02a0
0329
0430
04b1
01f1
0153
0002
0545
043f
0370
0130
0131
0140
02b0
0440
0690
02c0
05a0
05a2
0350
0316
018f
0260
0002
0153
02a0
0329
0545
0130
0131
0140
0370
043f
02b0
0440
04f0
02c0
0350
0316
018f
0260
02a0
0329
0430
04b1
01f1
0153
0002
0545
0370
043f
0130
0131
0140
02b0
0440
05f0
02c0
0350
0316
018f
0260
02a0
0002
0153
0329
0545
0130
0131
0140
0370
043f
0440
02b0
04f0
02c0
0350
0316
018f
0260
02a0
0329
0430
04b1
01f1
0153
0002
0545
043f
0370
0130
0131
0140
02b0
0440
02c0
0350
0316
018f
0260
0002
0153
02a0
0329
0545
0130
0131
0140
0370
043f
0440
02b0
04f0
02c0
0350
0316
018f
0260
02a0
0329
0430
04b1
01f1
0153
0002
0545
0370
0130
0131
0140
02b0
043f
0440
02c0
0350
0316
018f
0260
02a0
0002
0153
0329
0545
0130
0131
0140
043f
0370
0440
02b0
04f0
05f0
02c0
0350
0316
018f
0260
02a0
0329
0430
04b1
01f1
0153
0002
0545
043f
0370
0130
0131
0140
02b0
0440
02c0
0350
0316
018f
0260
02a0
0002
0153
0329
0545
0130
0131
0140
0370
043f
0440
02b0
04f0
00a0
00a1
02c0
0350
0316
018f
0260
02a0
0329
0430
04b1
01f1
0153
0002
0545
043f
0370
0130
0131
0140
02b0
0440
0690
02c0
0350
0316
018f
0260
02a0
0002
0153
0329
0545
0130
0131
0140
0370
043f
0440
02b0
04f0
02c0
0350
0316
018f
0260
02a0
0329
0430
04b1
01f1
0153
0002
0545
043f
0370
0130
0131
0140
02b0
0440
05f0
02c0
0350
0316
018f
0260
02a0
0002
0153
0329
0545
0130
0131
0140
0370
043f
0440
02b0
04f0
02c0
0350
0316
018f
0260
02a0
0329
0430
04b1
01f1
0153
0002
0545
043f
0370
0130
0131
0140
02b0
0440
02c0
0350
0316
018f
0260
0002
0153
02a0
0329
0545
0130
0131
0140
0370
043f
0440
02b0
04f0
02c0
0350
0316
018f
0260
02a0
0329
0430
04b1
01f1
0153
0002
0545
043f
0370
0130
0131
0140
02b0
0440
02c0
0350
0316
018f
0260
02a0
0002
0153
0329
0545
0130
0131
0140
0370
043f
0440
02b0
04f0
05f0
02c0
0350
0316
018f
0260
02a0
0329
0430
04b1
01f1
0153
0002
0545
043f
0370
0130
0131
0140
02b0
0440
02c0
0350
0316
018f
0260
02a0
0002
0153
0329
0545
0130
0131
0140
0370
043f
0440
02b0
04f0
00a0
00a1
02c0
0350
0316
018f
0260
02a0
0329
0430
04b1
01f1
0153
0002
0545
043f
0370
0130
0131
0140
02b0
0440
0690
02c0
0350
0316
018f
0260
0002
0153
02a0
0329
0545
0130
0131
0140
0370
043f
0440
02b0
04f0
02c0
0350
0316
018f
0260
02a0
0329
0430
04b1
01f1
0153
0002
0545
043f
0370
0130
0131
0140
02b0
0440
02c0
05f0
0350
0316
018f
0260
02a0
0329
0002
0153
0545
0130
0131
0140
0370
043f
0440
02b0
04f0
02c0
0350
0316
018f
0260
02a0
0329
0430
04b1
01f1
0153
0002
0545
043f
0370
0130
0131
0140
02b0
0440
02c0
0350
0316
018f
0260
02a0
0002
0153
0329
0545
0130
0131
0140
043f
0370
0440
02b0
04f0
02c0
0350
0316
018f
0260
02a0
0329
0430
04b1
01f1
0153
0002
0545
043f
0130
0131
0140
02b0
0370
0440
02c0
0350
0316
018f
0260
02a0
0329
0002
0153
0545
0130
0131
0140
043f
0370
0440
02b0
04f0
02c0
05f0
0350
0316
018f
0260
02a0
0329
0430
04b1
01f1
0153
0002
0545
043f
0130
0131
0140
02b0
0370
0440
02c0
0350
0316
018f
0260
02a0
0002
0153
0329
0545
0130
0131
0140
043f
0370
0440
02b0
04f0
00a0
00a1
02c0
0350
0430
04b1
01f1
0153
0002
018f
0260
02a0
0316
0329
0130
0131
0140
02b0
0370
043f
0440
0545
0690
02c0
0350
0316
018f
0260
02a0
0329
0002
0153
0545
0130
0131
0140
043f
0370
0440
02b0
04f0
02c0
0350
0316
018f
0260
02a0
0329
0430
04b1
01f1
0153
0002
0545
043f
0370
0130
0131
0140
02b0
0440
05f0
02c0
0350
0316
018f
0260
02a0
0002
0153
0329
0545
0130
0131
0140
043f
0370
0440
02b0
04f0
02c0
0350
0316
018f
0260
02a0
0329
0430
04b1
01f1
0153
0002
0545
043f
0370
0130
0131
0140
02b0
0440
02c0
0350
0316
018f
0260
02a0
0002
0153
0329
0545
0130
0131
0140
043f
0370
0440
02b0
04f0
02c0
0350
0316
018f
0260
02a0
0329
0430
04b1
01f1
0153
0002
0545
043f
0370
0130
0131
0140
02b0
0440
02c0
0350
0316
018f
0260
02a0
0329
0002
0153
0545
0130
0131
0140
043f
0370
0440
02b0
04f0
02c0
05f0
0350
0316
018f
0260
02a0
0329
0430
04b1
01f1
0153
0002
0545
043f
0370
0130
0131
0140
02b0
0440
02c0
0350
0316
018f
0260
02a0
0329
0002
0153
0545
0130
0131
0140
043f
0370
0440
02b0
04f0
00a0
00a1
02c0
0350
0316
018f
0260
02a0
0329
0430
04b1
01f1
0153
0002
0545
043f
0370
0130
0131
0140
02b0
0440
0690
02c0
0350
0316
018f
0260
02a0
0002
0153
0329
0545
0130
0131
0140
043f
0370
0440
02b0
04f0
02c0
0350
0316
018f
0260
02a0
0329
0430
04b1
01f1
0153
0002
0545
043f
0370
0130
0131
0140
02b0
0440
02c0
05f0
0350
0316
018f
0260
02a0
0329
0002
0153
0545
0130
0131
0140
043f
0370
0440
02b0
04f0
02c0
0350
0316
018f
0260
02a0
0329
0430
04b1
01f1
0153
0002
0545
043f
0370
0130
0131
0140
02b0
0440
02c0
0350
0316
018f
0260
02a0
0329
0002
0153
0545
0130
0131
0140
043f
0370
0440
02b0
04f0
02c0
0350
0316
018f
0260
02a0
0329
0430
04b1
01f1
0153
0002
0545
043f
0130
0131
0140
02b0
0370
0440
02c0
0350
0316
018f
0260
02a0
0329
0002
0153
0545
0130
0131
0140
043f
0370
0440
02b0
04f0
02c0
05f0
0350
0316
018f
0260
02a0
0329
0430
04b1
01f1
0153
0002
0545
043f
0130
0131
0140
02b0
0370
0440
02c0
0350
0316
018f
0260
02a0
0329
0002
0153
0545
0130
0131
0140
043f
0370
0440
02b0
04f0
00a0
00a1
02c0
0350
0316
018f
0260
02a0
0329
0545
0430
04b1
01f1
0153
0002
043f
0130
0131
0140
02b0
0370
0440
0690
02c0
0350
0316
018f
0260
02a0
0329
0002
0153
0545
0130
0131
0140
043f
0370
0440
02b0
04f0
02c0
0350
0316
018f
0260
02a0
0329
0430
04b1
01f1
0153
0002
0545
043f
0370
0130
0131
0140
02b0
0440
02c0
05f0
0350
0316
018f
0260
02a0
0329
0002
0153
0545
0130
0131
0140
043f
0370
0440
02b0
04f0
02c0
0350
0316
018f
0260
02a0
0329
0545
0430
04b1
01f1
0153
0002
043f
0370
0130
0131
0140
02b0
0440
02c0
0350
0316
018f
0260
02a0
0329
0545
0002
0153
0130
0131
0140
043f
0370
0440
02b0
04f0
02c0
0350
0316
018f
0260
02a0
0329
0545
0430
04b1
01f1
0153
0002
043f
0370
0130
0131
0140
02b0
0440
02c0
0350
0316
018f
0260
02a0
0329
0002
0153
0545
0130
0131
0140
043f
0370
0440
02b0
04f0
02c0
05f0
0350
0316
018f
0260
02a0
0329
0545
0430
04b1
01f1
0153
0002
043f
0370
0130
0131
0140
02b0
0440
02c0
0350
0316
018f
0260
02a0
0329
0545
0002
0153
0130
0131
0140
043f
0370
0440
02b0
04f0
00a0
00a1
02c0
0350
0316
018f
0260
02a0
0329
0430
04b1
01f1
0153
0002
0545
043f
0130
0131
0140
02b0
0370
0440
0690
02c0
0350
0316
018f
0260
02a0
0329
0002
0153
0545
0130
0131
0140
043f
0370
0440
02b0
04f0
02c0
0350
0316
018f
0260
02a0
0329
0430
04b1
01f1
0153
0002
0545
043f
0370
0130
0131
0140
02b0
0440
02c0
05f0
0350
0316
018f
0260
02a0
0329
0545
0002
0153
0130
0131
0140
043f
0370
0440
02b0
04f0
02c0
0350
0316
018f
0260
02a0
0329
0545
0430
04b1
01f1
0153
0002
043f
0370
0130
0131
0140
02b0
0440
02c0
0350
0316
018f
0260
02a0
0329
0002
0153
0545
0130
0131
0140
043f
0370
0440
02b0
04f0
02c0
0350
0316
018f
0260
02a0
0329
0545
0430
04b1
01f1
0153
0002
043f
0370
0130
0131
0140
02b0
0440
02c0
0350
0316
018f
0260
02a0
0329
0545
0002
0153
0130
0131
0140
043f
0370
0440
02b0
04f0
02c0
05f0
0350
0316
018f
0260
02a0
0329
0545
0430
04b1
01f1
0153
0002
043f
0130
0131
0140
0370
02b0
0440
02c0
0350
0316
018f
0260
02a0
0329
0545
0002
0153
0130
0131
0140
043f
0370
0440
02b0
04f0
02c0
00a0
00a1
0350
0316
018f
0260
02a0
0329
0545
0430
04b1
01f1
0153
0002
043f
0130
0131
0140
0370
02b0
0440
0690
02c0
0350
0316
018f
0260
02a0
0329
0545
0002
0153
0130
0131
0140
043f
0370
0440
02b0
04f0
02c0
0350
0316
018f
0260
02a0
0329
0545
0430
04b1
01f1
0153
0002
043f
0370
0130
0131
0140
02b0
0440
02c0
05f0
0350
0316
018f
0260
02a0
0329
0545
0002
0153
0130
0131
0140
043f
0370
0440
02b0
04f0
02c0
0350
0316
018f
0260
02a0
0329
0545
0430
04b1
01f1
0153
0002
043f
0370
0130
0131
0140
02b0
0440
02c0
0350
0316
018f
0260
02a0
0329
0545
0002
0153
0130
0131
0140
043f
0370
0440
02b0
04f0
02c0
0350
0316
018f
0260
02a0
0329
0545
0430
04b1
01f1
0153
0002
043f
0370
0130
0131
0140
02b0
0440
02c0
0350
0316
018f
0260
02a0
0329
0545
0002
0153
0130
0131
0140
043f
0370
0440
02b0
04f0
02c0
05f0
0350
0316
018f
0260
02a0
0329
0545
0430
04b1
01f1
0153
0002
043f
0370
0130
0131
0140
02b0
0440
02c0
0350
0316
018f
0260
02a0
0329
0002
0153
0545
0130
0131
0140
043f
0370
0440
02b0
04f0
00a0
00a1
02c0
0350
0316
018f
0260
02a0
0329
0545
0430
04b1
01f1
0153
0002
043f
0370
0130
0131
0140
02b0
0440
0690
02c0
0350
0316
018f
0260
02a0
0329
0545
0002
0153
0130
0131
0140
043f
0370
0440
02b0
04f0
02c0
0350
0316
018f
0260
02a0
0329
0545
0430
04b1
01f1
0153
0002
043f
0370
0130
0131
0140
02b0
0440
02c0
05f0
0350
0316
018f
0260
02a0
0329
0545
0002
0153
0130
0131
0140
043f
0370
0440
02b0
04f0
02c0
0350
0316
018f
0260
02a0
0329
0545
0430
04b1
01f1
0153
0002
043f
0370
0130
0131
0140
02b0
0440
02c0
0350
0316
018f
0260
02a0
0329
0545
0002
0153
0130
0131
0140
043f
0370
0440
02b0
04f0
02c0
0350
0316
018f
0260
02a0
0329
0545
0430
04b1
01f1
0153
0002
043f
0370
0130
0131
0140
02b0
0440
02c0
0350
0316
018f
0260
02a0
0329
0545
0002
0153
0130
0131
0140
043f
0370
0440
02b0
04f0
02c0
05f0
0350
0316
018f
0260
02a0
0329
0545
0430
04b1
01f1
0153
0002
043f
0130
0131
0140
0370
02b0
0440
02c0
0350
0316
018f
0260
02a0
0329
0545
0002
0153
0130
0131
0140
043f
0370
0440
02b0
04f0
02c0
00a0
00a1
0350
0316
018f
0260
02a0
0329
0545
0430
04b1
01f1
0153
0002
043f
0130
0131
0140
0370
02b0
0440
0690
02c0
0350
0316
018f
0260
02a0
0329
0545
0002
0153
0130
0131
0140
043f
0370
0440
02b0
04f0
02c0
0350
0316
018f
0260
02a0
0329
0545
0430
04b1
01f1
0153
0002
043f
0130
0131
0140
0370
02b0
0440
02c0
05f0
0350
0316
018f
0260
02a0
0329
0545
0002
0153
0130
0131
0140
043f
0370
0440
02b0
04f0
02c0
0350
0430
0316
018f
0260
02a0
0329
04b1
01f1
0153
0002
0370
043f
0440
0545
0130
0131
0140
02b0
02c0
0350
0260
018f
02a0
0316
0329
0545
0002
0153
0130
0131
0140
043f
0370
0440
02b0
04f0
02c0
0350
0316
018f
0260
02a0
0329
0545
0430
04b1
01f1
0153
0002
043f
0130
0131
0140
0370
0440
02b0
02c0
0350
0316
018f
0260
02a0
0329
0545
0002
0153
0130
0131
0140
043f
0370
0440
02b0
04f0
02c0
05f0
0350
0316
018f
0260
02a0
0329
0545
0430
04b1
01f1
0153
0002
043f
0130
0131
0140
0370
0440
02b0
02c0
0350
0316
018f
0260
02a0
0329
0545
0002
0153
0130
0131
0140
043f
0370
0440
02b0
04f0
00a0
00a1
02c0
0350
0316
018f
0260
02a0
0329
0545
0430
04b1
01f1
0153
0002
043f
0130
0131
0140
0370
0440
02b0
0690
02c0
05a0
05a2
0350
0316
018f
0260
02a0
0329
0545
0002
0153
0130
0131
0140
043f
0370
0440
02b0
04f0
02c0
0350
0316
018f
0260
02a0
0329
0545
0430
04b1
01f1
0153
0002
043f
0130
0131
0140
0370
0440
02b0
02c0
05f0
0350
0316
018f
0260
02a0
0329
0545
0002
0153
0130
0131
0140
043f
0370
0440
02b0
04f0
02c0
0350
0316
018f
0260
02a0
0329
0545
0430
04b1
01f1
0153
0002
043f
0130
0131
0140
0370
0440
02b0
02c0
0350
0316
018f
0260
02a0
0329
0545
0002
0153
0130
0131
0140
043f
0370
0440
02b0
04f0
02c0
0350
0316
018f
0260
02a0
0329
0545
0430
04b1
01f1
0153
0002
043f
0130
0131
0140
0370
0440
02b0
02c0
0350
0316
018f
0260
02a0
0329
0545
0002
0153
0130
0131
0140
043f
0370
0440
02b0
04f0
02c0
05f0
0350
0316
018f
0260
02a0
0329
0545
0430
04b1
01f1
0153
0002
043f
0130
0131
0140
0370
0440
02b0
02c0
0350
0316
018f
0260
02a0
0329
0545
0002
0153
0130
0131
0140
043f
0370
0440
02b0
04f0
00a0
00a1
02c0
0350
0316
018f
0260
02a0
0329
0545
0430
04b1
01f1
0153
0002
043f
0130
0131
0140
0370
0440
02b0
0690
02c0
0350
018f
0260
02a0
0316
0329
0545
0002
0153
0130
0131
0140
043f
0370
0440
02b0
04f0
02c0
0350
0316
018f
0260
02a0
0329
0545
0430
04b1
01f1
0153
0002
043f
0130
0131
0140
0370
0440
02b0
02c0
05f0
0350
0316
018f
0260
02a0
0329
0545
0002
0153
0130
0131
0140
043f
0370
0440
02b0
04f0
02c0
0350
0316
018f
0260
02a0
0329
0545
0430
04b1
01f1
0153
0002
043f
0130
0131
0140
0370
0440
02b0
02c0
0350
018f
0260
02a0
0316
0329
0545
0002
0153
0130
0131
0140
043f
0370
0440
02b0
04f0
02c0
0350
0316
018f
0260
02a0
0329
0545
0430
04b1
01f1
0153
0002
043f
0130
0131
0140
0370
0440
02b0
02c0
0350
0002
0153
018f
0260
02a0
0316
0130
0131
0140
0329
0370
043f
0440
0545
02b0
04f0
02c0
05f0
0350
0316
018f
0260
02a0
0329
0545
0430
04b1
01f1
0153
0002
043f
0130
0131
0140
0370
0440
02b0
02c0
0350
0260
018f
02a0
0316
0329
0545
0002
0153
0130
0131
0140
043f
0370
0440
02b0
04f0
00a0
00a1
02c0
0350
0316
018f
0260
02a0
0329
0545
0430
04b1
01f1
0153
0002
043f
0130
0131
0140
0370
0440
02b0
0690
02c0
0350
0316
018f
0260
02a0
0329
0545
0002
0153
0130
0131
0140
043f
0370
0440
02b0
04f0
02c0
0350
0316
018f
0260
02a0
0329
0545
0430
04b1
01f1
0153
0002
043f
0130
0131
0140
0370
0440
02b0
02c0
05f0
0350
0316
018f
0260
02a0
0329
0545
0002
0153
0130
0131
0140
043f
0370
0440
02b0
04f0
02c0
0350
0316
018f
0260
02a0
0329
0545
0430
04b1
01f1
0153
0002
043f
0130
0131
0140
0370
0440
02b0
02c0
0350
0316
018f
0260
02a0
0329
0545
0002
0153
0130
0131
0140
043f
0370
0440
02b0
04f0
02c0
0350
0316
018f
0260
02a0
0329
0545
0430
04b1
01f1
0153
0002
043f
0130
0131
0140
0370
0440
02b0
02c0
0350
018f
0260
02a0
0316
0329
0545
0002
0153
0130
0131
0140
043f
0370
0440
02b0
04f0
02c0
05f0
0350
018f
0260
02a0
0316
0329
0545
0430
04b1
01f1
0153
0002
043f
0130
0131
0140
0370
0440
02b0
02c0
0350
0316
018f
0260
02a0
0329
0545
0002
0153
0130
0131
0140
043f
0370
0440
02b0
04f0
00a0
00a1
02c0
0350
018f
0260
02a0
0316
0329
0545
0430
04b1
01f1
0153
0002
043f
0130
0131
0140
0370
0440
02b0
0690
02c0
0350
0316
018f
0260
02a0
0329
0545
0002
0153
0130
0131
0140
043f
0370
0440
02b0
04f0
02c0
0350
018f
0260
02a0
0316
0329
0545
0430
04b1
01f1
0153
0002
043f
0130
0131
0140
0370
0440
02b0
02c0
05f0
0350
0316
018f
0260
02a0
0329
0545
0002
0153
0130
0131
0140
043f
0370
0440
02b0
04f0
02c0
0350
018f
0260
02a0
0316
0329
0545
0430
04b1
01f1
0153
0002
043f
0130
0131
0140
0370
0440
02b0
02c0
0350
018f
0260
02a0
0316
0329
0545
0002
0153
0130
0131
0140
043f
0370
0440
02b0
04f0
02c0
0350
018f
0260
02a0
0316
0329
0545
0430
04b1
01f1
0153
0002
043f
0130
0131
0140
0370
0440
02b0
02c0
0350
0316
018f
0260
02a0
0329
0545
0002
0153
0130
0131
0140
043f
0370
0440
02b0
04f0
02c0
05f0
0350
018f
0260
02a0
0316
0329
0545
0430
04b1
01f1
0153
0002
043f
0130
0131
0140
0370
0440
02b0
02c0
0350
018f
0260
02a0
0316
0329
0545
0002
0153
0130
0131
0140
043f
0370
0440
02b0
04f0
00a0
00a1
02c0
0350
02a0
018f
0260
0316
0329
0545
0430
04b1
01f1
0153
0002
043f
0130
0131
0140
0370
0440
0690
02b0
02c0
0350
0316
018f
0260
02a0
0329
0545
0002
0153
0130
0131
0140
043f
0370
0440
02b0
04f0
02c0
0350
018f
0260
02a0
0316
0329
0545
0430
04b1
01f1
0153
0002
043f
0130
0131
0140
0370
0440
02b0
02c0
05f0
0350
018f
0260
02a0
0316
0329
0545
0002
0153
0130
0131
0140
043f
0370
0440
02b0
04f0
02c0
0350
018f
0260
02a0
0316
0329
0545
0430
04b1
01f1
0153
0002
043f
0130
0131
0140
0370
0440
02b0
02c0
0350
0316
018f
0260
02a0
0329
0545
0002
0153
0130
0131
0140
043f
0370
0440
02b0
04f0
02c0
0350
018f
0260
02a0
0316
0329
0545
0430
04b1
01f1
0153
0002
043f
0130
0131
0140
0370
0440
02b0
02c0
0350
018f
0260
02a0
0316
0329
0545
0002
0153
0130
0131
0140
043f
0370
0440
02b0
04f0
02c0
05f0
0316
018f
0260
02a0
0329
0350
0545
0430
04b1
01f1
0153
0002
043f
0130
0131
0140
0370
0440
02b0
02c0
0350
018f
0260
02a0
0316
0329
0545
0002
0153
0130
0131
0140
043f
0370
0440
02b0
04f0
00a0
00a1
02c0
0316
018f
0260
02a0
0329
0350
0545
0430
04b1
01f1
0153
0002
043f
0130
0131
0140
0370
0440
0690
02b0
02c0
0316
018f
0260
02a0
0329
0350
0545
0002
0153
0130
0131
0140
043f
0370
0440
02b0
04f0
02c0
0316
0329
018f
0260
02a0
0350
0545
0430
04b1
01f1
0153
0002
043f
0130
0131
0140
0370
0440
02b0
02c0
05f0
0350
018f
0260
02a0
0316
0329
0545
0002
0153
0130
0131
0140
043f
0370
0440
02b0
04f0
02c0
0350
0316
018f
0260
02a0
0329
0430
04b1
01f1
0153
0002
0545
043f
0130
0131
0140
0370
0440
02b0
02c0
0316
018f
0260
02a0
0329
0350
0545
0002
0153
0130
0131
0140
043f
0370
0440
02b0
04f0
02c0
0350
0316
018f
0260
02a0
0329
0545
0430
04b1
01f1
0153
0002
043f
0130
0131
0140
0370
0440
02b0
02c0
0316
018f
0260
02a0
0329
0350
0545
0002
0153
0130
0131
0140
043f
0370
0440
02b0
04f0
02c0
05f0
0316
018f
0260
02a0
0329
0350
0545
0430
04b1
01f1
0153
0002
043f
0130
0131
0140
0370
0440
02b0
02c0
0316
018f
0260
02a0
0329
0350
0545
0002
0153
0130
0131
0140
043f
0370
0440
02b0
04f0
00a0
00a1
02c0
0316
018f
0260
02a0
0329
0350
0545
0430
04b1
01f1
0153
0002
043f
0130
0131
0140
0370
0440
0690
02b0
02c0
0350
018f
0260
02a0
0316
0329
0545
0002
0153
0130
0131
0140
043f
0370
0440
02b0
04f0
02c0
0316
018f
0260
02a0
0329
0350
0545
0430
04b1
01f1
0153
0002
043f
0130
0131
0140
0370
0440
02b0
02c0
05f0
0316
018f
0260
02a0
0329
0350
0545
0002
0153
0130
0131
0140
043f
0370
0440
02b0
04f0
02c0
0316
018f
0260
02a0
0329
0350
0545
0430
04b1
01f1
0153
0002
043f
0130
0131
0140
0370
0440
02b0
02c0
0350
018f
0260
02a0
0316
0329
0545
0002
0153
0130
0131
0140
043f
0370
0440
02b0
04f0
02c0
0316
018f
0260
02a0
0329
0350
0545
0430
04b1
01f1
0153
0002
043f
0130
0131
0140
0370
0440
02b0
02c0
0316
018f
0260
02a0
0329
0350
0545
0002
0153
0130
0131
0140
043f
0370
0440
02b0
04f0
02c0
05f0
0316
018f
0260
02a0
0329
0350
0545
0430
04b1
01f1
0153
0002
0130
0131
0140
043f
0370
0440
02b0
02c0
0316
018f
0260
02a0
0329
0350
0545
0002
0153
0130
0131
0140
043f
0370
0440
02b0
04f0
00a0
00a1
02c0
0316
018f
0260
02a0
0329
0350
0545
0430
04b1
01f1
0153
0002
043f
0130
0131
0140
0370
0440
0690
02b0
02c0
0316
018f
0260
02a0
0329
0350
0545
0002
0153
0130
0131
0140
043f
0370
0440
02b0
04f0
02c0
0350
018f
0260
02a0
0316
0329
0545
0430
04b1
01f1
0153
0002
043f
0130
0131
0140
0370
0440
02b0
02c0
05f0
0350
018f
0260
02a0
0316
0329
0545
0002
0153
0130
0131
0140
043f
0370
0440
02b0
04f0
02c0
0316
018f
0260
02a0
0329
0350
0545
0430
04b1
01f1
0153
0002
043f
0130
0131
0140
0370
0440
02b0
02c0
0316
018f
0260
02a0
0329
0350
0545
0002
0153
0130
0131
0140
043f
0370
0440
02b0
04f0
02c0
0316
018f
0260
02a0
0329
0350
0545
0430
04b1
01f1
0153
0002
043f
0130
0131
0140
0370
0440
02b0
02c0
0350
0316
018f
0260
02a0
0329
0002
0153
0545
0130
0131
0140
043f
0370
0440
02b0
04f0
02c0
05f0
0316
018f
0260
02a0
0329
0350
0545
0430
04b1
01f1
0153
0002
043f
0130
0131
0140
0370
0440
02b0
02c0
0316
018f
0260
02a0
0329
0350
0545
0002
0153
0130
0131
0140
043f
0370
0440
02b0
04f0
00a0
00a1
02c0
0316
018f
0260
02a0
0329
0350
0545
0430
04b1
01f1
0153
0002
043f
0130
0131
0140
0370
0440
0690
02b0
02c0
0350
018f
0260
02a0
0316
0329
0545
0002
0153
0130
0131
0140
043f
0370
0440
02b0
04f0
02c0
0316
018f
0260
02a0
0329
0350
0545
0430
04b1
01f1
0153
0002
043f
0130
0131
0140
0370
0440
02b0
02c0
05f0
0316
018f
0260
02a0
0329
0350
0545
0002
0153
0130
0131
0140
043f
0370
0440
02b0
04f0
02c0
0316
018f
0260
02a0
0329
0350
0545
0430
04b1
01f1
0153
0002
043f
0130
0131
0140
0370
0440
02b0
02c0
0350
018f
0260
02a0
0316
0329
0545
0002
0153
0130
0131
0140
043f
0370
0440
02b0
04f0
02c0
0316
018f
0260
02a0
0329
0350
0545
0430
04b1
01f1
0153
0002
043f
0130
0131
0140
0370
0440
02b0
02c0
0316
018f
0260
02a0
0329
0350
0545
0002
0153
0130
0131
0140
043f
0370
0440
02b0
04f0
02c0
05f0
0316
018f
0260
02a0
0329
0350
0545
0430
04b1
01f1
0153
0002
043f
0130
0131
0140
0370
0440
02b0
02c0
0316
018f
0260
02a0
0329
0350
0545
0002
0153
0130
0131
0140
043f
0370
0440
02b0
04f0
02c0
00a0
00a1
0316
018f
0260
02a0
0329
0350
0545
0430
04b1
01f1
0153
0002
043f
0130
0131
0140
0370
0440
0690
02b0
02c0
0316
018f
0260
02a0
0329
0350
0545
0002
0153
0130
0131
0140
043f
0370
0440
04f0
02b0
02c0
0316
018f
0260
02a0
0329
0350
0545
0430
04b1
01f1
0153
0002
0130
0131
0140
043f
0370
0440
02b0
02c0
05f0
0350
018f
0260
02a0
0316
0329
0545
0002
0153
0130
0131
0140
043f
0370
0440
02b0
04f0
02c0
0316
018f
0260
02a0
0329
0350
0545
0430
04b1
01f1
0153
0002
043f
0130
0131
0140
0370
0440
02b0
02c0
0316
018f
0260
02a0
0329
0350
0545
0002
0153
0130
0131
0140
043f
0370
0440
04f0
02b0
02c0
0316
018f
0260
02a0
0329
0350
0545
0430
04b1
01f1
0153
0002
043f
0130
0131
0140
0370
0440
02b0
02c0
0316
018f
0260
02a0
0329
0350
0545
0002
0153
0130
0131
0140
043f
0370
0440
02b0
04f0
02c0
05f0
0316
018f
0260
02a0
0329
0350
0545
0430
04b1
01f1
0153
0002
0130
0131
0140
043f
0370
0440
02b0
02c0
0316
018f
0260
02a0
0329
0350
0545
0002
0153
0130
0131
0140
043f
0370
0440
04f0
02b0
00a0
00a1
02c0
0316
018f
0260
02a0
0329
0350
0545
0430
04b1
01f1
0153
0002
043f
0130
0131
0140
0370
0440
0690
02b0
02c0
05a0
05a2
0316
018f
0260
02a0
0329
0350
0545
0002
0153
0130
0131
0140
043f
0370
0440
04f0
02b0
02c0
0316
018f
0260
02a0
0329
0350
0545
0430
04b1
01f1
0153
0002
043f
0130
0131
0140
0370
0440
02b0
02c0
05f0
0316
018f
0260
02a0
0329
0350
0545
0002
0153
0130
0131
0140
043f
0370
0440
02b0
04f0
02c0
0316
018f
0260
02a0
0329
0350
0545
0430
04b1
01f1
0153
0002
043f
0130
0131
0140
0370
0440
02b0
02c0
0316
018f
0260
02a0
0329
0350
0545
0002
0153
0130
0131
0140
043f
0370
0440
04f0
02b0
02c0
0316
018f
0260
02a0
0329
0350
0545
0430
04b1
01f1
0153
0002
043f
0130
0131
0140
0370
0440
02b0
02c0
0316
018f
0260
02a0
0329
0350
0545
0002
0153
0130
0131
0140
043f
0370
0440
04f0
02b0
02c0
05f0
0316
018f
0260
02a0
0329
0350
0545
0430
04b1
01f1
0153
0002
043f
0130
0131
0140
0370
0440
02b0
02c0
0316
018f
0260
02a0
0329
0350
0545
0002
0153
0130
0131
0140
043f
0370
0440
04f0
02b0
00a0
00a1
02c0
0316
018f
0260
02a0
0329
0350
0545
0430
04b1
01f1
0153
0002
0130
0131
0140
043f
0370
0440
0690
02b0
02c0
0316
018f
0260
02a0
0329
0350
0545
0002
0153
0130
0131
0140
043f
0370
0440
04f0
02b0
02c0
0316
018f
0260
02a0
0329
0350
0545
0430
04b1
01f1
0153
0002
0130
0131
0140
043f
0370
0440
02b0
02c0
05f0
0316
018f
0260
02a0
0329
0350
0545
0002
0153
0130
0131
0140
043f
0370
0440
02b0
04f0
02c0
0316
018f
0260
02a0
0329
0350
0545
0430
04b1
01f1
0153
0002
043f
0130
0131
0140
0370
0440
02b0
02c0
0316
018f
0260
02a0
0329
0350
0545
0002
0153
0130
0131
0140
043f
0370
0440
04f0
02b0
02c0
0316
018f
0260
02a0
0329
0350
0545
0430
04b1
01f1
0153
0002
043f
0130
0131
0140
0370
0440
02b0
02c0
0316
018f
0260
02a0
0329
0350
0545
0002
0153
0130
0131
0140
043f
0370
0440
02b0
04f0
02c0
05f0
0316
018f
0260
02a0
0329
0350
0545
0430
04b1
01f1
0153
0002
043f
0130
0131
0140
0370
0440
02b0
02c0
0316
018f
0260
02a0
0329
0350
0545
0002
0153
0130
0131
0140
043f
0370
0440
04f0
02b0
00a0
00a1
02c0
0316
018f
0260
02a0
0329
0350
0545
0430
04b1
01f1
0153
0002
043f
0130
0131
0140
0370
0440
0690
02b0
02c0
0316
018f
0260
02a0
0329
0350
0545
0002
0153
0130
0131
0140
043f
0370
0440
04f0
02b0
02c0
0316
018f
0260
02a0
0329
0350
0545
0430
04b1
01f1
0153
0002
0130
0131
0140
043f
0370
0440
02b0
02c0
05f0
0316
018f
0260
02a0
0329
0350
0545
0002
0153
0130
0131
0140
043f
0370
0440
04f0
02b0
02c0
0316
018f
0260
02a0
0329
0350
0545
0430
04b1
01f1
0153
0002
043f
0130
0131
0140
0370
0440
02b0
02c0
0316
018f
0260
02a0
0329
0350
0545
0002
0153
0130
0131
0140
043f
0370
0440
04f0
02b0
02c0
0316
018f
0260
02a0
0329
0350
0545
0430
04b1
01f1
0153
0002
043f
0130
0131
0140
0370
0440
02b0
02c0
0316
018f
0260
02a0
0329
0350
0545
0002
0153
0130
0131
0140
043f
0370
0440
04f0
02b0
02c0
05f0
0316
018f
0260
02a0
0329
0350
0545
0430
04b1
01f1
0153
0002
0130
0131
0140
043f
0370
0440
02b0
02c0
0316
018f
0260
02a0
0329
0350
0545
0002
0153
0130
0131
0140
043f
0370
0440
04f0
02b0
00a0
00a1
02c0
0316
018f
0260
02a0
0329
0350
0545
0430
04b1
01f1
0153
0002
0130
0131
0140
043f
0370
0440
0690
02b0
02c0
0316
018f
0260
02a0
0329
0350
0545
0002
0153
0130
0131
0140
043f
0370
0440
04f0
02b0
02c0
0316
018f
0260
02a0
0329
0350
0545
0430
04b1
01f1
0153
0002
0130
0131
0140
043f
0370
0440
02b0
02c0
05f0
0316
018f
0260
02a0
0329
0350
0545
0002
0153
0130
0131
0140
043f
0370
0440
04f0
02b0
02c0
0316
018f
0260
02a0
0329
0350
0545
0430
04b1
01f1
0153
0002
0130
0131
0140
043f
0370
0440
02b0
02c0
0316
018f
0260
02a0
0329
0350
0545
0002
0153
0130
0131
0140
043f
0370
0440
04f0
02b0
02c0
0316
018f
0260
02a0
0329
0350
0545
0430
04b1
01f1
0153
0002
043f
0130
0131
0140
0370
0440
02b0
02c0
0316
018f
0260
02a0
0329
0350
0545
0002
0153
0130
0131
0140
043f
0370
0440
04f0
02b0
02c0
05f0
0316
018f
0260
02a0
0329
0350
0545
0430
04b1
01f1
0153
0002
043f
0130
0131
0140
0370
0440
02b0
02c0
0316
018f
0260
02a0
0329
0350
0545
0002
0153
0130
0131
0140
043f
0370
0440
04f0
00a0
00a1
02b0
02c0
0316
018f
0260
02a0
0329
0350
0545
0430
04b1
01f1
0153
0002
043f
0130
0131
0140
0370
0440
0690
02b0
02c0
0316
018f
0260
02a0
0329
0350
0545
0002
0153
0130
0131
0140
043f
0370
0440
04f0
02c0
02b0
0316
018f
0260
02a0
0329
0350
0545
0430
04b1
01f1
0153
0002
0130
0131
0140
043f
0370
0440
02c0
02b0
05f0
0316
018f
0260
02a0
0329
0350
0545
0002
0153
0130
0131
0140
043f
0370
0440
04f0
02c0
02b0
0316
018f
0260
02a0
0329
0350
0545
0430
04b1
01f1
0153
0002
0130
0131
0140
043f
0370
0440
02c0
02b0
0316
018f
0260
02a0
0329
0350
0545
0002
0153
0130
0131
0140
043f
0370
0440
04f0
02c0
02b0
0350
0316
018f
0260
02a0
0329
0545
0430
04b1
01f1
0153
0002
0130
0131
0140
043f
0370
0440
02c0
02b0
0316
018f
0260
02a0
0329
0350
0545
0002
0153
0130
0131
0140
043f
0370
0440
04f0
02c0
02b0
05f0
0316
018f
0260
02a0
0329
0350
0545
0430
04b1
01f1
0153
0002
043f
0130
0131
0140
0370
0440
02c0
02b0
0316
018f
0260
02a0
0329
0350
0545
0002
0153
0130
0131
0140
043f
0370
0440
04f0
00a0
00a1
02b0
02c0
0316
018f
0260
02a0
0329
0350
0545
0430
04b1
01f1
0153
0002
0130
0131
0140
043f
0370
0440
0690
02b0
02c0
0316
018f
0260
02a0
0329
0350
0545
0002
0153
0130
0131
0140
043f
0370
0440
04f0
02b0
02c0
0316
018f
0260
02a0
0329
0350
0545
0430
04b1
01f1
0153
0002
0130
0131
0140
043f
0370
0440
02c0
02b0
05f0
0316
018f
0260
02a0
0329
0350
0545
0002
0153
0130
0131
0140
043f
0370
0440
04f0
02c0
02b0
0316
018f
0260
02a0
0329
0350
0545
0430
04b1
01f1
0153
0002
0130
0131
0140
043f
0370
0440
02c0
02b0
0316
018f
0260
02a0
0329
0350
0545
0002
0153
0130
0131
0140
043f
0370
0440
04f0
02c0
02b0
0316
018f
0260
02a0
0329
0350
0545
0430
04b1
01f1
0153
0002
0130
0131
0140
043f
0370
0440
02c0
02b0
0316
018f
0260
02a0
0329
0350
0545
0002
0153
0130
0131
0140
043f
0370
0440
04f0
02c0
02b0
05f0
0316
018f
0260
02a0
0329
0350
0545
0430
04b1
01f1
0153
0002
0130
0131
0140
043f
0370
0440
02c0
02b0
0316
018f
0260
02a0
0329
0350
0545
0002
0153
0130
0131
0140
043f
0370
0440
04f0
02c0
02b0
00a0
00a1
0316
018f
0260
02a0
0329
0350
0545
0430
04b1
01f1
0153
0002
043f
0130
0131
0140
0370
0440
0690
02c0
02b0
0316
018f
0260
02a0
0329
0350
0545
0002
0153
0130
0131
0140
043f
0370
0440
04f0
02c0
02b0
0316
018f
0260
02a0
0329
0350
0545
0430
04b1
01f1
0153
0002
0130
0131
0140
043f
0370
0440
02c0
02b0
05f0
0316
018f
0260
02a0
0329
0350
0545
0002
0153
0130
0131
0140
043f
0370
0440
04f0
02c0
02b0
0316
018f
0260
02a0
0329
0350
0545
0430
04b1
01f1
0153
0002
0130
0131
0140
043f
0370
0440
02c0
02b0
0316
018f
0260
02a0
0329
0350
0545
0002
0153
0130
0131
0140
043f
0370
0440
04f0
02c0
02b0
0316
018f
0260
02a0
0329
0350
0545
0430
04b1
01f1
0153
0002
0130
0131
0140
043f
0370
0440
02c0
02b0
0316
018f
0260
02a0
0329
0350
0545
0002
0153
0130
0131
0140
043f
0370
0440
02c0
04f0
02b0
05f0
0316
018f
0260
02a0
0329
0350
0545
0430
04b1
01f1
0153
0002
043f
0130
0131
0140
0370
0440
02c0
02b0
0350
0316
018f
0260
02a0
0329
0545
0002
0153
0130
0131
0140
043f
0370
0440
00a0
00a1
02c0
02b0
04f0
0316
018f
0260
02a0
0329
0350
0545
0430
04b1
01f1
0153
0002
0130
0131
0140
043f
0370
0440
0690
02c0
02b0
0316
018f
0260
02a0
0329
0350
0545
0002
0153
0130
0131
0140
043f
0370
0440
04f0
02c0
02b0
0316
018f
0260
02a0
0329
0350
0545
0430
04b1
01f1
0153
0002
0130
0131
0140
043f
0370
0440
02c0
02b0
05f0
0316
018f
0260
02a0
0329
0350
0545
0002
0153
0130
0131
0140
043f
0370
0440
04f0
02c0
02b0
0316
018f
0260
02a0
0329
0350
0545
0430
04b1
01f1
0153
0002
0130
0131
0140
043f
0370
0440
02c0
02b0
0316
018f
0260
02a0
0329
0350
0545
0002
0153
0130
0131
0140
043f
0370
0440
04f0
02c0
02b0
0316
018f
0260
02a0
0329
0350
0545
0430
04b1
01f1
0153
0002
0130
0131
0140
043f
0370
0440
02c0
02b0
0316
018f
0260
02a0
0329
0350
0545
0002
0153
0130
0131
0140
043f
0370
0440
02c0
04f0
02b0
05f0
0316
018f
0260
02a0
0329
0350
0545
0430
04b1
01f1
0153
0002
041f
0130
0131
0140
043f
0370
0440
06bf
05bc
02c0
02b0
02b0
0350
0483
01f7
0316
018f
0260
02a0
0329
0350
0545
0560
01fc
07b6
0002
000a
0153
020f
0130
0131
0140
03dc
0370
043f
0440
07a0
03bd
00a0
00a1
02c0
01f4
02b0
04f0
045a
078a
0316
018f
0260
02a0
02e9
0329
0350
045f
0545
02a1
0667
0430
04b1
01f1
0025
0153
0002
03d3
043f
0130
0131
0140
017e
0370
0053
0440
02c0
005a
0690
02b0
00f1
07db
07e0
0316
018f
0037
0260
02a0
0329
0093
0350
0545
0628
0002
0153
0240
0130
005e
0131
0140
0147
0370
043f
0440
07c5
04f0
0241
02c0
02b0
0101
0279
077c
0316
018f
0260
02a0
0329
0350
0545
0603
0458
0567
0430
024b
04b1
01f1
0153
0002
05c5
0521
043f
0130
0131
0140
0370
0440
0715
05df
02c0
04b3
02b0
0174
006c
05f0
0316
017f
018f
0260
02a0
0329
0350
0545
0765
0491
030d
0002
0153
0446
0130
0131
0140
0559
0370
043f
0440
06ab
00b2
02c0
062f
04f0
02b0
048e
06a7
02b6
0316
018f
0260
024f
02a0
0329
0350
0036
0545
0571
0430
04b1
01f1
0153
0002
05bf
0700
04a1
0370
0130
0131
0140
02f1
043f
0440
03ef
02c0
0634
02b0
0304
02e5
0221
018f
0260
02a0
0175
0316
0329
0350
02b1
0545
0066
0002
0153
001e
0130
0048
0131
0140
0370
043f
0440
064a
0329
04f0
02c0
04d2
02b0
043d
069a
0532
0316
018f
0260
02a0
0329
0350
0545
07b4
0768
07ea
0430
023e
04b1
01f1
0153
0002
036d
0797
0370
0130
0131
0140
043f
0440
05e5
06c6
02c0
038c
02b0
0527
0149
0316
018f
0260
02a0
0329
0350
0545
0657
00e1
0384
031c
0002
0153
021c
0130
0131
0140
03f4
0370
043f
0440
078c
0076
02c0
0417
04f0
02b0
04ad
06ef
05f0
05b5
0316
018f
0260
02a0
0329
0350
0435
0545
0179
0335
0430
0444
04b1
01f1
0153
0002
0412
018d
0370
0130
0131
0140
043f
0440
073b
0215
02c0
048c
02b0
0172
05ed
065d
018f
0260
02a0
0316
0329
0350
0545
05de
05f9
03d3
0002
0153
0130
0131
0140
0696
0783
043f
0370
010e
0485
0316
043f
0329
0370
0350
0545
0690
0761
0002
0153
0130
0131
020f
0002
0316
018f
0260
02a0
0329
0350
042e
0545
03ce
0430
004b
02b0
045e
0377
0316
00c0
018f
0260
02a0
0329
0350
0545
056f
0445
06f9
076c
0265
02c0
0141
014a
063b
06a8
0472
0153
018f
0140
018f
0260
02a0
0329
0350
049c
0545
00a8
0785
0002
0460
01f1
07eb
0130
0316
043f
0329
019b
0545
01b4
01eb
02b0
016d
004f
0130
0177
043f
02a0
0440
0545
02c0
04c0
02b0
0430
07ee
0140
05f0
008f
018f
043f
0350
0440
0266
05ee
0430
06bc
04ab
03fa
0130
0316
0370
0350
04ab
0163
06c1
04f0
0098
03e3
02b0
03a2
05f0
0316
018f
0234
0260
02a0
01e3
0329
0350
0545
05d0
0681
0430
04b1
01f1
0153
0002
0620
0130
0131
0140
07de
0370
0694
0318
0316
018f
0260
02a0
0329
0350
0545
0568
0232
04a1
0002
0153
0130
0131
0140
0168
02b0
01f1
040c
03f1
018f
043f
02a0
063b
056f
02c0
030a
0247
04b1
0361
043f
018f
0595
0350
00a0
04a3
0690
058b
0002
00ea
04b1
00bc
0140
0140
02a3
0370
043f
0440
07e3
00e1
02c0
00b6
02b0
0568
0663
0316
018f
0260
02a0
0329
0350
03b6
0545
0329
04b8
06d3
0002
0153
04fe
0130
0131
0140
033c
043f
00c9
0376
01e1
02b0
0153
0425
04f3
0316
06c2
0329
043f
07b6
0187
0785
02b0
0002
0666
0002
0316
07b5
02a0
043f
0545
02c0
066a
0708
0002
02b0
01f1
00f5
0153
0316
04db
01da
01d9
0545
07d0
05d0
0002
02b0
071e
0316
018f
00fa
0260
02a0
0329
0350
049b
0545
0372
0735
0430
0243
04b1
01f1
0153
0002
0659
0125
0130
0131
0140
05d1
01c9
018f
043f
0350
0440
0443
0520
0544
06cb
0430
044b
0140
0316
018f
0260
02a0
0329
0350
041b
0545
04a6
0440
0072
0548
0430
02b0
0131
0269
0109
0329
0370
0545
02c0
03e3
04f0
0725
02b0
0316
0184
018f
0260
02a0
0329
043f
0496
008a
04f0
001e
00c3
0002
0306
00f3
0316
018f
0260
02a0
0329
0350
0545
05e1
065e
01cc
0617
0002
0153
0655
0430
03e0
0131
0316
0131
018f
040d
0545
0370
052e
04f0
0430
03eb
0153
0316
02a0
0144
02a0
043f
0545
02c0
05a0
0606
05a2
048b
0690
0173
02b0
05bd
0316
018f
0260
02a0
0329
0350
050e
0545
078b
03d8
0379
0671
07cd
05d1
06bc
04be
04b1
04c2
0140
0260
0131
0350
0158
0255
0684
07a9
0661
0430
04b1
01f1
0448
05ba
0316
018f
0260
02a0
0329
0350
0207
0545
0131
025d
055a
039f
0002
027a
01f1
07d1
018f
0600
07e5
0140
0545
008b
02c0
037f
0531
059f
0316
0002
07ae
0153
0316
078b
0130
0375
0309
058f
044a
0002
02ec
01f1
0316
01cb
02a0
047d
06bc
02c0
02db
0370
047d
023f
0316
0131
0260
0340
0329
0370
05c8
0440
02b0
04f0
01b6
0119
0130
0316
026f
02a0
05ce
07da
02c0
06b8
036b
04f0
05df
0002
06f0
0316
0153
0260
02a0
0329
0215
0350
0086
0015
02b0
0440
05ee
03f1
0002
00cb
01f1
018f
0484
0329
0420
02a0
03ca
037d
0515
02b0
062f
04b1
0316
0140
02a0
0140
07af
00a0
0102
0690
0614
062e
0430
0316
0131
0260
025a
043f
0130
0131
0140
01d7
02c0
0370
0428
02b0
0104
0430
0316
0140
02a0
0130
0350
00a1
031b
0370
006a
02b0
03b7
0153
018f
0255
0545
043f
0545
02c6
05c4
02b0
00a2
0002
0316
01f1
0140
0329
0140
04e0
043f
0630
0370
0765
07a3
071c
02d1
0131
016f
0131
0700
00a1
0350
0370
07e8
02b0
04d0
0002
018f
004c
0329
039f
0566
0131
03de
0507
0089
01d7
02b0
0316
018f
0218
0260
02a0
0329
0350
0371
0545
075c
05e4
0754
02b0
0797
0430
043f
046e
05fe
0430
018f
02a0
01af
0350
00a5
061e
04fa
0635
04f0
0574
04f2
0002
018f
0153
0329
0130
0737
0440
06ff
04d6
0614
02b0
0316
01f1
0260
04a1
0545
02c0
007f
0370
043f
0464
04f0
02d6
02b0
0260
0130
0350
043f
05d2
05a6
043f
02b0
02b0
05bd
0316
0316
027a
02c0
0350
00a1
036c
043f
04f0
02b0
0316
02b0
0002
0545
02c0
0362
0440
06f3
01b2
02b0
0316
0002
0260
01f1
0545
047c
0443
0131
0657
0002
0153
0130
0131
04f0
0316
018f
0260
02a0
0329
0545
05b3
0002
0350
043f
0370
0002
0153
0130
0131
0140
02b0